::1 - - [16/Jan/2024:02:11:53 +0000] "POST /api/v1/categories HTTP/1.1" 200 47 "-" "PostmanRuntime/7.36.1"
::1 - - [16/Jan/2024:02:12:06 +0000] "GET /api/v1/categories HTTP/1.1" 200 74 "-" "PostmanRuntime/7.36.1"
::1 - - [16/Jan/2024:02:17:20 +0000] "GET /api/v1/categories HTTP/1.1" 200 74 "-" "PostmanRuntime/7.36.1"
::1 - - [16/Jan/2024:02:20:47 +0000] "GET /api/v1/categories HTTP/1.1" 200 74 "-" "PostmanRuntime/7.36.1"
::1 - - [16/Jan/2024:02:22:33 +0000] "GET /api/v1/categories/12 HTTP/1.1" 500 1292 "-" "PostmanRuntime/7.36.1"
::1 - - [16/Jan/2024:02:22:40 +0000] "GET /api/v1/categories/12 HTTP/1.1" 200 61 "-" "PostmanRuntime/7.36.1"
::1 - - [16/Jan/2024:08:41:23 +0000] "GET / HTTP/1.1" 404 139 "-" "Mozilla/5.0 (Macintosh; Intel Mac OS X 10_15_7) AppleWebKit/537.36 (KHTML, like Gecko) Chrome/120.0.0.0 Safari/537.36"
::1 - - [16/Jan/2024:08:41:32 +0000] "GET /api/v1/categories HTTP/1.1" 200 74 "-" "Mozilla/5.0 (Macintosh; Intel Mac OS X 10_15_7) AppleWebKit/537.36 (KHTML, like Gecko) Chrome/120.0.0.0 Safari/537.36"
::1 - - [16/Jan/2024:08:41:32 +0000] "GET /favicon.ico HTTP/1.1" 404 150 "http://localhost:8000/api/v1/categories" "Mozilla/5.0 (Macintosh; Intel Mac OS X 10_15_7) AppleWebKit/537.36 (KHTML, like Gecko) Chrome/120.0.0.0 Safari/537.36"
::1 - - [16/Jan/2024:08:42:03 +0000] "GET /api/v1/categories HTTP/1.1" 200 74 "-" "PostmanRuntime/7.36.1"
::1 - - [16/Jan/2024:08:42:47 +0000] "POST /api/v1/categories HTTP/1.1" 200 49 "-" "PostmanRuntime/7.36.1"
::1 - - [16/Jan/2024:08:43:03 +0000] "POST /api/v1/categories HTTP/1.1" 200 49 "-" "PostmanRuntime/7.36.1"
::1 - - [16/Jan/2024:08:48:29 +0000] "POST /api/v1/categories HTTP/1.1" 400 442 "-" "PostmanRuntime/7.36.1"
::1 - - [16/Jan/2024:08:50:14 +0000] "POST /api/v1/categories HTTP/1.1" 200 229 "-" "PostmanRuntime/7.36.1"
::1 - - [16/Jan/2024:08:51:40 +0000] "POST /api/v1/categories HTTP/1.1" 400 118 "-" "PostmanRuntime/7.36.1"
::1 - - [16/Jan/2024:08:53:39 +0000] "POST /api/v1/categories HTTP/1.1" 200 211 "-" "PostmanRuntime/7.36.1"
::1 - - [17/Jan/2024:01:54:30 +0000] "GET /api/v1/categories HTTP/1.1" 200 419 "-" "PostmanRuntime/7.36.1"
::1 - - [17/Jan/2024:02:05:15 +0000] "GET /api/v1/categories/3333 HTTP/1.1" 400 258 "-" "PostmanRuntime/7.36.1"
::1 - - [17/Jan/2024:02:06:07 +0000] "GET /api/v1/categories/65a64346e4b5b648892ad157 HTTP/1.1" 200 83 "-" "PostmanRuntime/7.36.1"
::1 - - [17/Jan/2024:02:09:05 +0000] "GET /api/v1/categories/65a64346e4b5b648892ad1 HTTP/1.1" 400 312 "-" "PostmanRuntime/7.36.1"
::1 - - [17/Jan/2024:02:09:44 +0000] "GET /api/v1/categories/65a64346e4b5b648892ad1 HTTP/1.1" 400 312 "-" "PostmanRuntime/7.36.1"
::1 - - [17/Jan/2024:02:09:46 +0000] "GET /api/v1/categories/65a64346e4b5b648892ad1 HTTP/1.1" 400 312 "-" "PostmanRuntime/7.36.1"
::1 - - [17/Jan/2024:02:10:14 +0000] "GET /api/v1/categories/65a64346e4b5b648892ad1 HTTP/1.1" 400 312 "-" "PostmanRuntime/7.36.1"
::1 - - [17/Jan/2024:02:10:32 +0000] "GET /api/v1/categories/65a64346e4b5b648892ad157 HTTP/1.1" 200 83 "-" "PostmanRuntime/7.36.1"
::1 - - [17/Jan/2024:02:10:36 +0000] "GET /api/v1/categories/65a64346e4b5b648892ad15 HTTP/1.1" 400 315 "-" "PostmanRuntime/7.36.1"
::1 - - [17/Jan/2024:02:11:10 +0000] "GET /api/v1/categories/65a64346e4b5b648892ad15 HTTP/1.1" 400 315 "-" "PostmanRuntime/7.36.1"
::1 - - [17/Jan/2024:02:11:38 +0000] "GET /api/v1/categories/65a64346e4b5b648892ad15 HTTP/1.1" 300 315 "-" "PostmanRuntime/7.36.1"
::1 - - [17/Jan/2024:02:11:43 +0000] "GET /api/v1/categories/65a64346e4b5b648892ad15 HTTP/1.1" 400 315 "-" "PostmanRuntime/7.36.1"
::1 - - [17/Jan/2024:02:14:22 +0000] "GET /api/v1/categories/65a64346e4b5b648892ad157 HTTP/1.1" 200 83 "-" "PostmanRuntime/7.36.1"
::1 - - [17/Jan/2024:02:15:42 +0000] "GET /api/v1/categories/65a64346e4b5b648892ad157 HTTP/1.1" 200 83 "-" "PostmanRuntime/7.36.1"
::1 - - [17/Jan/2024:02:17:30 +0000] "GET /api/v1/categories/65a64346e4b5b648892ad157 HTTP/1.1" 200 83 "-" "PostmanRuntime/7.36.1"
::1 - - [17/Jan/2024:02:17:32 +0000] "GET /api/v1/categories/65a64346e4b5b648892ad157 HTTP/1.1" 200 83 "-" "PostmanRuntime/7.36.1"
::1 - - [17/Jan/2024:02:18:37 +0000] "GET /api/v1/categories/65a64346e4b5b648892ad15 HTTP/1.1" 400 315 "-" "PostmanRuntime/7.36.1"
::1 - - [17/Jan/2024:02:18:38 +0000] "GET /api/v1/categories/65a64346e4b5b648892ad15 HTTP/1.1" 400 315 "-" "PostmanRuntime/7.36.1"
::1 - - [17/Jan/2024:02:21:47 +0000] "GET /api/v1/categories/65a64346e4b5b648892ad15 HTTP/1.1" 400 315 "-" "PostmanRuntime/7.36.1"
::1 - - [17/Jan/2024:02:21:48 +0000] "GET /api/v1/categories/65a64346e4b5b648892ad15 HTTP/1.1" 400 315 "-" "PostmanRuntime/7.36.1"
::1 - - [17/Jan/2024:02:21:51 +0000] "GET /api/v1/categories/65a64346e4b5b648892ad157 HTTP/1.1" 200 229 "-" "PostmanRuntime/7.36.1"
::1 - - [17/Jan/2024:02:24:26 +0000] "GET /api/v1/categories HTTP/1.1" 200 419 "-" "PostmanRuntime/7.36.1"
::1 - - [17/Jan/2024:02:24:39 +0000] "DELETE /api/v1/categories/65a64346e4b5b648892ad157 HTTP/1.1" 200 65 "-" "PostmanRuntime/7.36.1"
::1 - - [17/Jan/2024:02:25:19 +0000] "DELETE /api/v1/categories/65a64346e4b5b648892ad157 HTTP/1.1" 200 229 "-" "PostmanRuntime/7.36.1"
::1 - - [17/Jan/2024:02:25:23 +0000] "DELETE /api/v1/categories/65a64346e4b5b648892ad15 HTTP/1.1" 400 315 "-" "PostmanRuntime/7.36.1"
::1 - - [17/Jan/2024:02:25:47 +0000] "GET /api/v1/categories HTTP/1.1" 200 213 "-" "PostmanRuntime/7.36.1"
::1 - - [17/Jan/2024:02:26:31 +0000] "DELETE /api/v1/categories/65a64346e4b5b648892ad157 HTTP/1.1" 400 72 "-" "PostmanRuntime/7.36.1"
::1 - - [17/Jan/2024:02:29:46 +0000] "DELETE /api/v1/categories/65a64346e4b5b648892ad157 HTTP/1.1" 400 72 "-" "PostmanRuntime/7.36.1"
::1 - - [17/Jan/2024:02:30:47 +0000] "GET /api/v1/categories HTTP/1.1" 200 213 "-" "PostmanRuntime/7.36.1"
::1 - - [17/Jan/2024:02:31:27 +0000] "PUT /api/v1/categories/65a64413e4b5b648892ad15b HTTP/1.1" 500 1267 "-" "PostmanRuntime/7.36.1"
::1 - - [17/Jan/2024:02:31:37 +0000] "GET /api/v1/categories HTTP/1.1" 200 213 "-" "PostmanRuntime/7.36.1"
::1 - - [17/Jan/2024:02:31:49 +0000] "PUT /api/v1/categories/65a64413e4b5b648892ad15b HTTP/1.1" 500 1267 "-" "PostmanRuntime/7.36.1"
::1 - - [17/Jan/2024:02:32:11 +0000] "PUT /api/v1/categories/65a64413e4b5b648892ad15b HTTP/1.1" 200 211 "-" "PostmanRuntime/7.36.1"
::1 - - [17/Jan/2024:02:32:23 +0000] "PUT /api/v1/categories/65a64413e4b5b648892ad15b HTTP/1.1" 200 16 "-" "PostmanRuntime/7.36.1"
::1 - - [17/Jan/2024:02:34:41 +0000] "PUT /api/v1/categories/65a64413e4b5b648892ad15b HTTP/1.1" 200 211 "-" "PostmanRuntime/7.36.1"
::1 - - [17/Jan/2024:02:35:49 +0000] "PUT /api/v1/categories/65a64413e4b5b648892ad15b HTTP/1.1" 200 213 "-" "PostmanRuntime/7.36.1"
::1 - - [17/Jan/2024:02:35:51 +0000] "PUT /api/v1/categories/65a64413e4b5b648892ad15b HTTP/1.1" 200 213 "-" "PostmanRuntime/7.36.1"
::1 - - [17/Jan/2024:02:35:55 +0000] "PUT /api/v1/categories/65a64413e4b5b648892ad15b HTTP/1.1" 400 495 "-" "PostmanRuntime/7.36.1"
::1 - - [17/Jan/2024:02:36:41 +0000] "PUT /api/v1/categories/65a64413e4b5b648892ad15b HTTP/1.1" 400 495 "-" "PostmanRuntime/7.36.1"
::1 - - [17/Jan/2024:02:36:48 +0000] "PUT /api/v1/categories/65a64413e4b5b648892ad15b HTTP/1.1" 200 213 "-" "PostmanRuntime/7.36.1"
::1 - - [17/Jan/2024:02:42:55 +0000] "POST /api/v1/categories HTTP/1.1" 400 491 "-" "PostmanRuntime/7.36.1"
::1 - - [17/Jan/2024:02:43:11 +0000] "POST /api/v1/categories HTTP/1.1" 200 211 "-" "PostmanRuntime/7.36.1"
::1 - - [17/Jan/2024:02:46:59 +0000] "GET /api/v1/categories/65a64346e4b5b648892ad157 HTTP/1.1" 400 72 "-" "PostmanRuntime/7.36.1"
::1 - - [17/Jan/2024:02:48:56 +0000] "GET /api/v1/categories/65a64346e4b5b648892ad157 HTTP/1.1" 400 72 "-" "PostmanRuntime/7.36.1"
::1 - - [17/Jan/2024:02:54:25 +0000] "GET /api/v1/categories/65a64346e4b5b648892ad157 HTTP/1.1" 400 72 "-" "PostmanRuntime/7.36.1"
::1 - - [17/Jan/2024:02:55:38 +0000] "GET /api/v1/categories/65a64346e4b5b648892ad15 HTTP/1.1" 500 142 "-" "PostmanRuntime/7.36.1"
::1 - - [17/Jan/2024:03:09:01 +0000] "GET /api/v1/categories/65a64346e4b5b648892ad15 HTTP/1.1" 500 142 "-" "PostmanRuntime/7.36.1"
::1 - - [17/Jan/2024:03:09:24 +0000] "GET /api/v1/categories/65a64346e4b5b648892ad157 HTTP/1.1" 400 73 "-" "PostmanRuntime/7.36.1"
::1 - - [17/Jan/2024:03:09:34 +0000] "GET /api/v1/categories/65a64346e4b5b648892ad157 HTTP/1.1" 400 73 "-" "PostmanRuntime/7.36.1"
::1 - - [17/Jan/2024:03:11:45 +0000] "GET /api/v1/categories/65a64346e4b5b648892ad157 HTTP/1.1" 500 73 "-" "PostmanRuntime/7.36.1"
::1 - - [17/Jan/2024:03:11:54 +0000] "GET /api/v1/categories/65a64346e4b5b648892ad157 HTTP/1.1" 400 73 "-" "PostmanRuntime/7.36.1"
::1 - - [17/Jan/2024:03:13:38 +0000] "GET /api/v1/categories/65a64346e4b5b648892ad157 HTTP/1.1" 400 1220 "-" "PostmanRuntime/7.36.1"
::1 - - [17/Jan/2024:03:13:55 +0000] "GET /api/v1/categories/65a64346e4b5b648892ad157 HTTP/1.1" 400 84 "-" "PostmanRuntime/7.36.1"
::1 - - [17/Jan/2024:03:14:20 +0000] "GET /api/v1/categories/65a64346e4b5b648892ad157 HTTP/1.1" 400 93 "-" "PostmanRuntime/7.36.1"
::1 - - [17/Jan/2024:03:36:19 +0000] "GET /api/v1/categories/65a64346e4b5b648892ad157 HTTP/1.1" 403 93 "-" "PostmanRuntime/7.36.1"
::1 - - [17/Jan/2024:03:36:48 +0000] "GET /api/v1/categories/65a64346e4b5b648892ad15 HTTP/1.1" 500 162 "-" "PostmanRuntime/7.36.1"
::1 - - [17/Jan/2024:03:37:35 +0000] "GET /api/v1/categories/65a64346e4b5b648892ad15 HTTP/1.1" 500 162 "-" "PostmanRuntime/7.36.1"
::1 - - [17/Jan/2024:03:40:19 +0000] "GET /api/v1/categories HTTP/1.1" 500 111 "-" "PostmanRuntime/7.36.1"
::1 - - [17/Jan/2024:03:40:32 +0000] "GET /api/v1/categories HTTP/1.1" 200 403 "-" "PostmanRuntime/7.36.1"
::1 - - [17/Jan/2024:03:40:42 +0000] "GET /api/v1/categories/65a64413e4b5b648892ad15b HTTP/1.1" 200 213 "-" "PostmanRuntime/7.36.1"
::1 - - [17/Jan/2024:03:41:13 +0000] "GET /api/v1/categories/65a64413e4b5b648892ad153 HTTP/1.1" - - "-" "PostmanRuntime/7.36.1"
::1 - - [17/Jan/2024:03:41:30 +0000] "GET /api/v1/categories/65a64413e4b5b648892ad153 HTTP/1.1" 403 93 "-" "PostmanRuntime/7.36.1"
::1 - - [17/Jan/2024:03:41:38 +0000] "GET /api/v1/categories/65a64413e4b5b648892ad153 HTTP/1.1" 403 93 "-" "PostmanRuntime/7.36.1"
::1 - - [17/Jan/2024:03:41:41 +0000] "GET /api/v1/categories/65a64413e4b5b648892ad15b HTTP/1.1" 200 213 "-" "PostmanRuntime/7.36.1"
::1 - - [17/Jan/2024:03:41:45 +0000] "GET /api/v1/categories/65a64413e4b5b648892ad153 HTTP/1.1" 403 93 "-" "PostmanRuntime/7.36.1"
::1 - - [17/Jan/2024:03:43:06 +0000] "GET /api/v1/categories/65a64413e4b5b648892ad153 HTTP/1.1" - - "-" "PostmanRuntime/7.36.1"
::1 - - [17/Jan/2024:03:43:13 +0000] "GET /api/v1/categories/65a64413e4b5b648892ad153 HTTP/1.1" 403 93 "-" "PostmanRuntime/7.36.1"
::1 - - [17/Jan/2024:03:43:19 +0000] "GET /api/v1/categories/65a64413e4b5b648892ad15b HTTP/1.1" 200 213 "-" "PostmanRuntime/7.36.1"
::1 - - [17/Jan/2024:03:43:22 +0000] "GET /api/v1/categories/65a64413e4b5b648892ad153 HTTP/1.1" 403 93 "-" "PostmanRuntime/7.36.1"
::1 - - [17/Jan/2024:03:47:00 +0000] "GET /api/v1/categories/65a64413e4b5b648892ad153 HTTP/1.1" 403 93 "-" "PostmanRuntime/7.36.1"
::1 - - [17/Jan/2024:03:47:03 +0000] "GET /api/v1/categories/65a64413e4b5b648892ad15 HTTP/1.1" 500 162 "-" "PostmanRuntime/7.36.1"
::1 - - [17/Jan/2024:03:48:26 +0000] "GET /api/v1/categories/65a64413e4b5b648892ad15 HTTP/1.1" 500 79 "-" "PostmanRuntime/7.36.1"
::1 - - [17/Jan/2024:03:49:42 +0000] "POST /api/v1/categories HTTP/1.1" 500 167 "-" "PostmanRuntime/7.36.1"
::1 - - [17/Jan/2024:03:51:11 +0000] "POST /api/v1/categories HTTP/1.1" 500 167 "-" "PostmanRuntime/7.36.1"
::1 - - [17/Jan/2024:03:51:13 +0000] "POST /api/v1/categories HTTP/1.1" 500 167 "-" "PostmanRuntime/7.36.1"
::1 - - [17/Jan/2024:03:52:28 +0000] "POST /api/v1/categories HTTP/1.1" 500 71 "-" "PostmanRuntime/7.36.1"
::1 - - [17/Jan/2024:04:00:50 +0000] "POST /api/v1/categories HTTP/1.1" 500 535 "-" "PostmanRuntime/7.36.1"
::1 - - [17/Jan/2024:04:01:29 +0000] "POST /api/v1/categories HTTP/1.1" 500 120 "-" "PostmanRuntime/7.36.1"
::1 - - [17/Jan/2024:04:01:41 +0000] "GET /api/v1/categories HTTP/1.1" 200 403 "-" "PostmanRuntime/7.36.1"
::1 - - [17/Jan/2024:04:01:46 +0000] "POST /api/v1/categories HTTP/1.1" 500 120 "-" "PostmanRuntime/7.36.1"
::1 - - [17/Jan/2024:04:02:23 +0000] "POST /api/v1/categories HTTP/1.1" 500 120 "-" "PostmanRuntime/7.36.1"
::1 - - [17/Jan/2024:04:03:07 +0000] "POST /api/v1/categories HTTP/1.1" 500 120 "-" "PostmanRuntime/7.36.1"
::1 - - [17/Jan/2024:04:03:27 +0000] "POST /api/v1/categories HTTP/1.1" 500 174 "-" "PostmanRuntime/7.36.1"
::1 - - [17/Jan/2024:04:25:59 +0000] "GET /api/v1/categories HTTP/1.1" 200 403 "-" "PostmanRuntime/7.36.1"
::1 - - [17/Jan/2024:04:47:57 +0000] "GET /api/v1/categories HTTP/1.1" 200 403 "-" "PostmanRuntime/7.36.1"
::1 - - [17/Jan/2024:04:52:47 +0000] "GET /api/v1/categories HTTP/1.1" 200 26 "-" "PostmanRuntime/7.36.1"
::1 - - [17/Jan/2024:06:31:19 +0000] "POST /api/v1/categories HTTP/1.1" 200 215 "-" "PostmanRuntime/7.36.1"
::1 - - [19/Jan/2024:09:27:49 +0000] "POST /api/v1/categories HTTP/1.1" 500 178 "-" "PostmanRuntime/7.36.1"
::1 - - [19/Jan/2024:09:28:04 +0000] "POST /api/v1/categories HTTP/1.1" 200 220 "-" "PostmanRuntime/7.36.1"
::1 - - [19/Jan/2024:09:29:16 +0000] "POST /api/v1/categories HTTP/1.1" 200 240 "-" "PostmanRuntime/7.36.1"
::1 - - [19/Jan/2024:09:29:27 +0000] "POST /api/v1/categories HTTP/1.1" 200 256 "-" "PostmanRuntime/7.36.1"
::1 - - [19/Jan/2024:09:29:33 +0000] "GET /api/v1/categories HTTP/1.1" 200 475 "-" "PostmanRuntime/7.36.1"
::1 - - [19/Jan/2024:10:22:14 +0000] "GET /api/v1/categories HTTP/1.1" 200 525 "-" "PostmanRuntime/7.36.1"
::1 - - [19/Jan/2024:10:23:54 +0000] "GET /api/v1/categories HTTP/1.1" 200 767 "-" "PostmanRuntime/7.36.1"
::1 - - [19/Jan/2024:10:28:12 +0000] "GET /api/v1/categories?hha=1000 HTTP/1.1" 200 767 "-" "PostmanRuntime/7.36.1"
