::1 - - [22/Jan/2024:02:23:23 +0000] "GET /api/v1/categories?name&page=2&limit=10 HTTP/1.1" 200 767 "-" "PostmanRuntime/7.36.1"
::1 - - [22/Jan/2024:02:27:29 +0000] "GET /api/v1/categories?name&page=2&limit=10 HTTP/1.1" 200 26 "-" "PostmanRuntime/7.36.1"
::1 - - [22/Jan/2024:02:27:40 +0000] "GET /api/v1/categories?page=2&limit=10 HTTP/1.1" 200 767 "-" "PostmanRuntime/7.36.1"
::1 - - [22/Jan/2024:02:27:50 +0000] "GET /api/v1/categories?page=2&limit=1 HTTP/1.1" 200 281 "-" "PostmanRuntime/7.36.1"
::1 - - [22/Jan/2024:02:28:12 +0000] "GET /api/v1/categories?page=2&limit=1 HTTP/1.1" 200 281 "-" "PostmanRuntime/7.36.1"
::1 - - [22/Jan/2024:02:28:56 +0000] "GET /api/v1/categories?page=1 HTTP/1.1" 200 767 "-" "PostmanRuntime/7.36.1"
::1 - - [22/Jan/2024:02:29:08 +0000] "GET /api/v1/categories HTTP/1.1" 200 767 "-" "PostmanRuntime/7.36.1"
::1 - - [22/Jan/2024:02:29:22 +0000] "GET /api/v1/categories?limit=1 HTTP/1.1" 200 281 "-" "PostmanRuntime/7.36.1"
::1 - - [22/Jan/2024:02:29:36 +0000] "GET /api/v1/categories?limit=1 HTTP/1.1" 200 281 "-" "PostmanRuntime/7.36.1"
::1 - - [22/Jan/2024:02:38:01 +0000] "GET /api/v1/categories?page=2&limit=1 HTTP/1.1" 200 353 "-" "PostmanRuntime/7.36.1"
::1 - - [22/Jan/2024:02:38:12 +0000] "GET /api/v1/categories?page=3&limit=1 HTTP/1.1" 200 336 "-" "PostmanRuntime/7.36.1"
::1 - - [22/Jan/2024:02:38:36 +0000] "GET /api/v1/categories?page=4&limit=1 HTTP/1.1" 200 96 "-" "PostmanRuntime/7.36.1"
::1 - - [22/Jan/2024:02:38:45 +0000] "GET /api/v1/categories?page=1&limit=2 HTTP/1.1" 200 596 "-" "PostmanRuntime/7.36.1"
::1 - - [22/Jan/2024:02:41:25 +0000] "GET /api/v1/categories?page=1&limit=2 HTTP/1.1" 200 596 "-" "PostmanRuntime/7.36.1"
::1 - - [22/Jan/2024:02:43:19 +0000] "GET /api/v1/categories?page=1&limit=2 HTTP/1.1" 200 606 "-" "PostmanRuntime/7.36.1"
::1 - - [22/Jan/2024:08:14:17 +0000] "GET /api/v1/books HTTP/1.1" 200 29127 "-" "PostmanRuntime/7.36.1"
::1 - - [22/Jan/2024:08:14:42 +0000] "GET /api/v1/books HTTP/1.1" 200 29138 "-" "PostmanRuntime/7.36.1"
::1 - - [22/Jan/2024:08:16:40 +0000] "GET /api/v1/books HTTP/1.1" 200 29138 "-" "PostmanRuntime/7.36.1"
::1 - - [22/Jan/2024:08:25:13 +0000] "GET /api/v1/categories/5e9047fd49941f52dcb01b35 HTTP/1.1" 200 290 "-" "PostmanRuntime/7.36.1"
::1 - - [22/Jan/2024:08:27:56 +0000] "GET /api/v1/categories/5e9047fd49941f52dcb01b35/books HTTP/1.1" 200 29138 "-" "PostmanRuntime/7.36.1"
::1 - - [22/Jan/2024:08:29:12 +0000] "GET /api/v1/categories/5e9047fd49941f52dcb01b35/books HTTP/1.1" 200 6934 "-" "PostmanRuntime/7.36.1"
::1 - - [22/Jan/2024:08:32:20 +0000] "GET /api/v1/categories/65a64413e4b5b648892ad15/books HTTP/1.1" 500 194 "-" "PostmanRuntime/7.36.1"
::1 - - [22/Jan/2024:08:32:35 +0000] "GET /api/v1/categories/5e9047fd49941f52dcb01b35/books HTTP/1.1" 200 6934 "-" "PostmanRuntime/7.36.1"
::1 - - [22/Jan/2024:08:32:46 +0000] "GET /api/v1/books HTTP/1.1" 200 29138 "-" "PostmanRuntime/7.36.1"
::1 - - [23/Jan/2024:06:20:53 +0000] "GET /api/v1/books HTTP/1.1" 200 29138 "-" "PostmanRuntime/7.36.1"
::1 - - [23/Jan/2024:06:21:59 +0000] "GET /api/v1/books HTTP/1.1" 200 34041 "-" "PostmanRuntime/7.36.1"
::1 - - [23/Jan/2024:06:22:12 +0000] "GET /api/v1/books HTTP/1.1" 200 29138 "-" "PostmanRuntime/7.36.1"
::1 - - [23/Jan/2024:06:22:22 +0000] "GET /api/v1/books HTTP/1.1" - - "-" "PostmanRuntime/7.36.1"
::1 - - [23/Jan/2024:06:22:27 +0000] "GET /api/v1/books HTTP/1.1" 200 34041 "-" "PostmanRuntime/7.36.1"
::1 - - [23/Jan/2024:06:37:24 +0000] "GET /api/v1/books HTTP/1.1" 200 34977 "-" "PostmanRuntime/7.36.1"
::1 - - [23/Jan/2024:06:42:56 +0000] "GET /api/v1/books HTTP/1.1" 200 34617 "-" "PostmanRuntime/7.36.1"
::1 - - [23/Jan/2024:06:43:26 +0000] "GET /api/v1/books HTTP/1.1" 200 34617 "-" "PostmanRuntime/7.36.1"
::1 - - [23/Jan/2024:06:43:58 +0000] "GET /api/v1/books HTTP/1.1" 200 34617 "-" "PostmanRuntime/7.36.1"
::1 - - [23/Jan/2024:06:45:44 +0000] "GET /api/v1/books HTTP/1.1" 200 34905 "-" "PostmanRuntime/7.36.1"
::1 - - [23/Jan/2024:06:46:54 +0000] "GET /api/v1/books HTTP/1.1" 200 34041 "-" "PostmanRuntime/7.36.1"
::1 - - [23/Jan/2024:06:57:15 +0000] "GET /api/v1/categories/65a64413e4b5b648892ad15 HTTP/1.1" 500 189 "-" "PostmanRuntime/7.36.1"
::1 - - [23/Jan/2024:06:57:37 +0000] "GET /api/v1/categories/5e90434cd433fa11b078ed8a HTTP/1.1" 200 328 "-" "PostmanRuntime/7.36.1"
::1 - - [23/Jan/2024:07:00:14 +0000] "GET /api/v1/categories/5e90434cd433fa11b078ed8a HTTP/1.1" 200 360 "-" "PostmanRuntime/7.36.1"
::1 - - [23/Jan/2024:07:01:38 +0000] "GET /api/v1/categories/5e90434cd433fa11b078ed8a HTTP/1.1" 200 8492 "-" "PostmanRuntime/7.36.1"
::1 - - [23/Jan/2024:07:02:55 +0000] "GET /api/v1/categories/5e90434cd433fa11b078ed8a HTTP/1.1" 200 328 "-" "PostmanRuntime/7.36.1"
::1 - - [23/Jan/2024:07:03:16 +0000] "GET /api/v1/books HTTP/1.1" 200 35481 "-" "PostmanRuntime/7.36.1"
::1 - - [23/Jan/2024:07:03:32 +0000] "GET /api/v1/books HTTP/1.1" 200 35712 "-" "PostmanRuntime/7.36.1"
::1 - - [23/Jan/2024:07:04:05 +0000] "GET /api/v1/books HTTP/1.1" 200 30233 "-" "PostmanRuntime/7.36.1"
::1 - - [23/Jan/2024:07:04:35 +0000] "GET /api/v1/books HTTP/1.1" 200 30038 "-" "PostmanRuntime/7.36.1"
::1 - - [23/Jan/2024:07:08:11 +0000] "GET /api/v1/categories/5e90434cd433fa11b078ed8a HTTP/1.1" 200 8556 "-" "PostmanRuntime/7.36.1"
::1 - - [23/Jan/2024:07:09:16 +0000] "GET /api/v1/categories/5e90434cd433fa11b078ed8a HTTP/1.1" 200 328 "-" "PostmanRuntime/7.36.1"
::1 - - [23/Jan/2024:07:16:41 +0000] "GET /api/v1/categories/5e90434cd433fa11b078ed8a HTTP/1.1" 200 8556 "-" "PostmanRuntime/7.36.1"
::1 - - [23/Jan/2024:07:25:38 +0000] "DELETE /api/v1/categories/5e90434cd433fa11b078ed8a HTTP/1.1" 500 48 "-" "PostmanRuntime/7.36.1"
::1 - - [23/Jan/2024:07:26:17 +0000] "GET /api/v1/books HTTP/1.1" 200 30233 "-" "PostmanRuntime/7.36.1"
::1 - - [23/Jan/2024:07:29:21 +0000] "DELETE /api/v1/categories/5e90434cd433fa11b078ed8a HTTP/1.1" 400 72 "-" "PostmanRuntime/7.36.1"
::1 - - [23/Jan/2024:07:29:31 +0000] "GET /api/v1/books HTTP/1.1" 200 30233 "-" "PostmanRuntime/7.36.1"
::1 - - [23/Jan/2024:07:29:32 +0000] "GET /api/v1/books HTTP/1.1" 200 30233 "-" "PostmanRuntime/7.36.1"
::1 - - [23/Jan/2024:07:29:46 +0000] "DELETE /api/v1/categories/5e90434cd433fa11b078ed8a HTTP/1.1" 400 72 "-" "PostmanRuntime/7.36.1"
::1 - - [23/Jan/2024:07:30:23 +0000] "DELETE /api/v1/categories/5e90434cd433fa11b078ed8a HTTP/1.1" 400 72 "-" "PostmanRuntime/7.36.1"
::1 - - [23/Jan/2024:07:30:51 +0000] "DELETE /api/v1/categories/5e90478549941f52dcb01b34 HTTP/1.1" 500 48 "-" "PostmanRuntime/7.36.1"
::1 - - [23/Jan/2024:07:31:58 +0000] "DELETE /api/v1/categories/5e90478549941f52dcb01b34 HTTP/1.1" 400 72 "-" "PostmanRuntime/7.36.1"
::1 - - [23/Jan/2024:07:32:34 +0000] "DELETE /api/v1/categories/5e9047fd49941f52dcb01b35 HTTP/1.1" 500 48 "-" "PostmanRuntime/7.36.1"
::1 - - [23/Jan/2024:07:35:16 +0000] "DELETE /api/v1/categories/5e96cc1ba816c94e009a9c9e HTTP/1.1" 500 48 "-" "PostmanRuntime/7.36.1"
::1 - - [23/Jan/2024:07:35:34 +0000] "DELETE /api/v1/categories/5e96cc1ba816c94e009a9c9e HTTP/1.1" 500 48 "-" "PostmanRuntime/7.36.1"
::1 - - [23/Jan/2024:07:36:35 +0000] "DELETE /api/v1/categories/5e96cc1ba816c94e009a9c9e HTTP/1.1" 200 384 "-" "PostmanRuntime/7.36.1"
::1 - - [23/Jan/2024:07:36:50 +0000] "GET /api/v1/books HTTP/1.1" 200 30233 "-" "PostmanRuntime/7.36.1"
::1 - - [23/Jan/2024:07:36:53 +0000] "DELETE /api/v1/categories/5e96cc1ba816c94e009a9c9e HTTP/1.1" 200 384 "-" "PostmanRuntime/7.36.1"
::1 - - [23/Jan/2024:07:37:05 +0000] "GET /api/v1/categories?page=1&limit=2 HTTP/1.1" 200 453 "-" "PostmanRuntime/7.36.1"
::1 - - [23/Jan/2024:07:37:17 +0000] "DELETE /api/v1/categories/5e96cc1ba816c94e009a9c9e HTTP/1.1" 200 384 "-" "PostmanRuntime/7.36.1"
::1 - - [23/Jan/2024:07:40:28 +0000] "DELETE /api/v1/categories/5e96cc1ba816c94e009a9c9e HTTP/1.1" 500 48 "-" "PostmanRuntime/7.36.1"
::1 - - [23/Jan/2024:07:41:29 +0000] "DELETE /api/v1/categories/5e96cc1ba816c94e009a9c9e HTTP/1.1" 500 48 "-" "PostmanRuntime/7.36.1"
::1 - - [23/Jan/2024:07:41:39 +0000] "GET /api/v1/categories?page=1&limit=2 HTTP/1.1" 200 453 "-" "PostmanRuntime/7.36.1"
::1 - - [23/Jan/2024:07:41:58 +0000] "DELETE /api/v1/categories/5e96cc1ba816c94e009a9c9e HTTP/1.1" 200 384 "-" "PostmanRuntime/7.36.1"
::1 - - [23/Jan/2024:07:42:03 +0000] "GET /api/v1/categories?page=1&limit=2 HTTP/1.1" 200 453 "-" "PostmanRuntime/7.36.1"
::1 - - [23/Jan/2024:07:42:04 +0000] "GET /api/v1/categories?page=1&limit=2 HTTP/1.1" 200 453 "-" "PostmanRuntime/7.36.1"
::1 - - [23/Jan/2024:07:42:17 +0000] "DELETE /api/v1/categories/5e96cc1ba816c94e009a9c9e HTTP/1.1" 200 384 "-" "PostmanRuntime/7.36.1"
::1 - - [23/Jan/2024:07:43:02 +0000] "DELETE /api/v1/categories/5e96cc1ba816c94e009a9c9e HTTP/1.1" 500 48 "-" "PostmanRuntime/7.36.1"
::1 - - [23/Jan/2024:07:43:18 +0000] "DELETE /api/v1/categories/5e96cc1ba816c94e009a9c9e HTTP/1.1" 200 384 "-" "PostmanRuntime/7.36.1"
::1 - - [23/Jan/2024:07:43:21 +0000] "DELETE /api/v1/categories/5e96cc1ba816c94e009a9c9e HTTP/1.1" 200 384 "-" "PostmanRuntime/7.36.1"
::1 - - [23/Jan/2024:07:43:22 +0000] "DELETE /api/v1/categories/5e96cc1ba816c94e009a9c9e HTTP/1.1" 200 384 "-" "PostmanRuntime/7.36.1"
::1 - - [23/Jan/2024:07:43:24 +0000] "GET /api/v1/categories?page=1&limit=2 HTTP/1.1" 200 453 "-" "PostmanRuntime/7.36.1"
::1 - - [23/Jan/2024:07:43:25 +0000] "GET /api/v1/categories?page=1&limit=2 HTTP/1.1" 200 453 "-" "PostmanRuntime/7.36.1"
::1 - - [23/Jan/2024:07:43:51 +0000] "DELETE /api/v1/categories/5e96cc1ba816c94e009a9c9e HTTP/1.1" 200 384 "-" "PostmanRuntime/7.36.1"
::1 - - [23/Jan/2024:07:45:21 +0000] "GET /api/v1/categories?page=1&limit=2 HTTP/1.1" 200 733 "-" "PostmanRuntime/7.36.1"
::1 - - [23/Jan/2024:07:45:35 +0000] "DELETE /api/v1/categories/5e90478549941f52dcb01b34 HTTP/1.1" 200 351 "-" "PostmanRuntime/7.36.1"
::1 - - [23/Jan/2024:07:45:38 +0000] "DELETE /api/v1/categories/5e90478549941f52dcb01b34 HTTP/1.1" 200 351 "-" "PostmanRuntime/7.36.1"
::1 - - [23/Jan/2024:07:45:39 +0000] "DELETE /api/v1/categories/5e90478549941f52dcb01b34 HTTP/1.1" 200 351 "-" "PostmanRuntime/7.36.1"
::1 - - [23/Jan/2024:07:46:03 +0000] "DELETE /api/v1/categories/5e90478549941f52dcb01b34 HTTP/1.1" 200 351 "-" "PostmanRuntime/7.36.1"
::1 - - [23/Jan/2024:07:46:16 +0000] "GET /api/v1/books HTTP/1.1" 200 30233 "-" "PostmanRuntime/7.36.1"
::1 - - [23/Jan/2024:07:46:30 +0000] "DELETE /api/v1/categories/65af6e892fe1ecad63451268 HTTP/1.1" 400 72 "-" "PostmanRuntime/7.36.1"
::1 - - [23/Jan/2024:07:46:43 +0000] "DELETE /api/v1/categories/5e9047fd49941f52dcb01b35 HTTP/1.1" 200 323 "-" "PostmanRuntime/7.36.1"
::1 - - [23/Jan/2024:07:46:46 +0000] "GET /api/v1/books HTTP/1.1" 200 30233 "-" "PostmanRuntime/7.36.1"
::1 - - [23/Jan/2024:08:15:26 +0000] "POST /api/v1/books HTTP/1.1" 404 152 "-" "PostmanRuntime/7.36.1"
::1 - - [23/Jan/2024:08:15:38 +0000] "POST /api/v1/books HTTP/1.1" 200 1715 "-" "PostmanRuntime/7.36.1"
::1 - - [23/Jan/2024:08:15:48 +0000] "POST /api/v1/books HTTP/1.1" 500 179 "-" "PostmanRuntime/7.36.1"
::1 - - [23/Jan/2024:08:15:56 +0000] "GET /api/v1/books HTTP/1.1" 200 31925 "-" "PostmanRuntime/7.36.1"
::1 - - [23/Jan/2024:08:23:41 +0000] "GET /api/v1/books HTTP/1.1" 200 31925 "-" "PostmanRuntime/7.36.1"
::1 - - [23/Jan/2024:08:23:48 +0000] "DELETE /api/v1/books/65af6e892fe1ecad63451268 HTTP/1.1" 500 48 "-" "PostmanRuntime/7.36.1"
::1 - - [23/Jan/2024:08:24:31 +0000] "DELETE /api/v1/books/65af6e892fe1ecad63451268 HTTP/1.1" 500 62 "-" "PostmanRuntime/7.36.1"
::1 - - [23/Jan/2024:08:24:52 +0000] "DELETE /api/v1/books/65af6e892fe1ecad63451268 HTTP/1.1" 500 48 "-" "PostmanRuntime/7.36.1"
::1 - - [23/Jan/2024:08:25:03 +0000] "DELETE /api/v1/books/65af6e892fe1ecad63451268 HTTP/1.1" 200 1789 "-" "PostmanRuntime/7.36.1"
::1 - - [23/Jan/2024:08:28:40 +0000] "PUT /api/v1/books/65af6e892fe1ecad63451268 HTTP/1.1" 200 1719 "-" "PostmanRuntime/7.36.1"
::1 - - [23/Jan/2024:08:28:50 +0000] "POST /api/v1/books HTTP/1.1" 500 179 "-" "PostmanRuntime/7.36.1"
::1 - - [23/Jan/2024:08:29:08 +0000] "GET /api/v1/books HTTP/1.1" 200 31855 "-" "PostmanRuntime/7.36.1"
::1 - - [23/Jan/2024:08:29:15 +0000] "DELETE /api/v1/books/65af6e892fe1ecad63451268 HTTP/1.1" 500 48 "-" "PostmanRuntime/7.36.1"
::1 - - [23/Jan/2024:08:30:03 +0000] "DELETE /api/v1/books/65af6e892fe1ecad63451268 HTTP/1.1" 200 1719 "-" "PostmanRuntime/7.36.1"
::1 - - [23/Jan/2024:08:30:07 +0000] "GET /api/v1/books HTTP/1.1" 200 31855 "-" "PostmanRuntime/7.36.1"
::1 - - [23/Jan/2024:08:30:08 +0000] "GET /api/v1/books HTTP/1.1" 200 31855 "-" "PostmanRuntime/7.36.1"
::1 - - [23/Jan/2024:08:30:16 +0000] "DELETE /api/v1/books/65af6e892fe1ecad63451268 HTTP/1.1" 200 1719 "-" "PostmanRuntime/7.36.1"
::1 - - [23/Jan/2024:08:30:19 +0000] "GET /api/v1/books HTTP/1.1" 200 31855 "-" "PostmanRuntime/7.36.1"
::1 - - [23/Jan/2024:08:30:40 +0000] "GET /api/v1/books HTTP/1.1" 200 31855 "-" "PostmanRuntime/7.36.1"
::1 - - [23/Jan/2024:08:30:43 +0000] "DELETE /api/v1/books/65af6e892fe1ecad63451268 HTTP/1.1" 200 1719 "-" "PostmanRuntime/7.36.1"
::1 - - [23/Jan/2024:08:30:46 +0000] "GET /api/v1/books HTTP/1.1" 200 30159 "-" "PostmanRuntime/7.36.1"
::1 - - [23/Jan/2024:08:30:50 +0000] "PUT /api/v1/books/65af6e892fe1ecad63451268 HTTP/1.1" 400 67 "-" "PostmanRuntime/7.36.1"
::1 - - [23/Jan/2024:09:21:49 +0000] "POST /api/v1/books HTTP/1.1" 200 1715 "-" "PostmanRuntime/7.36.1"
::1 - - [23/Jan/2024:09:23:02 +0000] "POST /api/v1/books HTTP/1.1" 500 179 "-" "PostmanRuntime/7.36.1"
::1 - - [23/Jan/2024:09:23:14 +0000] "POST /api/v1/books HTTP/1.1" 200 1716 "-" "PostmanRuntime/7.36.1"
::1 - - [23/Jan/2024:09:27:52 +0000] "POST /api/v1/books HTTP/1.1" 200 1716 "-" "PostmanRuntime/7.36.1"
::1 - - [23/Jan/2024:09:28:13 +0000] "GET /api/v1/categories?page=1&limit=2 HTTP/1.1" 200 690 "-" "PostmanRuntime/7.36.1"
::1 - - [23/Jan/2024:09:29:42 +0000] "POST /api/v1/books HTTP/1.1" 500 182 "-" "PostmanRuntime/7.36.1"
::1 - - [23/Jan/2024:09:29:45 +0000] "GET /api/v1/categories?page=1&limit=2 HTTP/1.1" 200 690 "-" "PostmanRuntime/7.36.1"
::1 - - [23/Jan/2024:09:29:58 +0000] "GET /api/v1/categories?page=1 HTTP/1.1" 200 1355 "-" "PostmanRuntime/7.36.1"
::1 - - [23/Jan/2024:09:30:37 +0000] "POST /api/v1/books HTTP/1.1" 200 1717 "-" "PostmanRuntime/7.36.1"
::1 - - [23/Jan/2024:09:32:22 +0000] "GET /api/v1/books HTTP/1.1" 200 3422 "-" "PostmanRuntime/7.36.1"
::1 - - [23/Jan/2024:09:32:27 +0000] "GET /api/v1/books HTTP/1.1" 200 3422 "-" "PostmanRuntime/7.36.1"
::1 - - [23/Jan/2024:09:32:33 +0000] "DELETE /api/v1/books/65af8698bb1d17465c254e59 HTTP/1.1" 200 1716 "-" "PostmanRuntime/7.36.1"
::1 - - [23/Jan/2024:09:32:38 +0000] "GET /api/v1/books HTTP/1.1" 200 1729 "-" "PostmanRuntime/7.36.1"
::1 - - [23/Jan/2024:09:32:41 +0000] "GET /api/v1/categories?page=1 HTTP/1.1" 200 1356 "-" "PostmanRuntime/7.36.1"
::1 - - [23/Jan/2024:09:33:19 +0000] "GET /api/v1/categories?page=1 HTTP/1.1" 200 1356 "-" "PostmanRuntime/7.36.1"
::1 - - [23/Jan/2024:09:33:22 +0000] "GET /api/v1/books HTTP/1.1" 200 1729 "-" "PostmanRuntime/7.36.1"
::1 - - [23/Jan/2024:09:33:26 +0000] "GET /api/v1/categories?page=1 HTTP/1.1" 200 1356 "-" "PostmanRuntime/7.36.1"
::1 - - [23/Jan/2024:09:44:47 +0000] "GET /api/v1/books HTTP/1.1" 200 1729 "-" "PostmanRuntime/7.36.1"
::1 - - [23/Jan/2024:09:45:01 +0000] "GET /api/v1/books/65af873cbb1d17465c254e69 HTTP/1.1" 500 156 "-" "PostmanRuntime/7.36.1"
::1 - - [23/Jan/2024:09:46:13 +0000] "GET /api/v1/books/65af873cbb1d17465c254e69 HTTP/1.1" 200 1780 "-" "PostmanRuntime/7.36.1"
::1 - - [24/Jan/2024:02:29:15 +0000] "GET /api/v1/books/65af873cbb1d17465c254e69 HTTP/1.1" 500 78 "-" "PostmanRuntime/7.36.1"
::1 - - [24/Jan/2024:02:29:54 +0000] "GET /api/v1/books/65af873cbb1d17465c254e69 HTTP/1.1" 200 1717 "-" "PostmanRuntime/7.36.1"
::1 - - [24/Jan/2024:02:30:57 +0000] "PUT /api/v1/books/65af873cbb1d17465c254e69 HTTP/1.1" 200 1717 "-" "PostmanRuntime/7.36.1"
::1 - - [24/Jan/2024:02:31:20 +0000] "PUT /api/v1/books/65af873cbb1d17465c254e69/photo HTTP/1.1" 200 - "-" "PostmanRuntime/7.36.1"
::1 - - [24/Jan/2024:02:35:08 +0000] "PUT /api/v1/books/65af873cbb1d17465c254e69/photo HTTP/1.1" 500 118 "-" "PostmanRuntime/7.36.1"
::1 - - [24/Jan/2024:02:36:51 +0000] "PUT /api/v1/books/65af873cbb1d17465c254e69/photo HTTP/1.1" 400 115 "-" "PostmanRuntime/7.36.1"
::1 - - [24/Jan/2024:02:38:20 +0000] "PUT /api/v1/books/65af873cbb1d17465c254e69/photo HTTP/1.1" 200 - "-" "PostmanRuntime/7.36.1"
::1 - - [24/Jan/2024:02:41:13 +0000] "PUT /api/v1/books/65af873cbb1d17465c254e69/photo HTTP/1.1" 200 - "-" "PostmanRuntime/7.36.1"
::1 - - [24/Jan/2024:02:41:34 +0000] "PUT /api/v1/books/65af873cbb1d17465c254e69/photo HTTP/1.1" 200 - "-" "PostmanRuntime/7.36.1"
::1 - - [24/Jan/2024:02:43:53 +0000] "PUT /api/v1/books/65af873cbb1d17465c254e69/photo HTTP/1.1" 500 154 "-" "PostmanRuntime/7.36.1"
::1 - - [24/Jan/2024:02:44:17 +0000] "PUT /api/v1/books/65af873cbb1d17465c254e69/photo HTTP/1.1" 200 - "-" "PostmanRuntime/7.36.1"
::1 - - [24/Jan/2024:02:45:33 +0000] "PUT /api/v1/books/65af873cbb1d17465c254e69/photo HTTP/1.1" 200 - "-" "PostmanRuntime/7.36.1"
::1 - - [24/Jan/2024:02:45:46 +0000] "PUT /api/v1/books/65af873cbb1d17465c254e69/photo HTTP/1.1" 200 - "-" "PostmanRuntime/7.36.1"
::1 - - [24/Jan/2024:02:48:58 +0000] "PUT /api/v1/books/65af873cbb1d17465c254e69/photo HTTP/1.1" 200 - "-" "PostmanRuntime/7.36.1"
::1 - - [24/Jan/2024:02:49:46 +0000] "PUT /api/v1/books/65af873cbb1d17465c254e69/photo HTTP/1.1" 200 60 "-" "PostmanRuntime/7.36.1"
::1 - - [24/Jan/2024:02:51:43 +0000] "PUT /api/v1/books/65af873cbb1d17465c254e69/photo HTTP/1.1" 200 60 "-" "PostmanRuntime/7.36.1"
::1 - - [24/Jan/2024:02:52:26 +0000] "GET /api/v1/books/65af873cbb1d17465c254e69 HTTP/1.1" 200 1733 "-" "PostmanRuntime/7.36.1"
::1 - - [24/Jan/2024:02:59:29 +0000] "GET /api/v1/books HTTP/1.1" 200 2079 "-" "PostmanRuntime/7.36.1"
::1 - - [24/Jan/2024:03:00:09 +0000] "GET /api/v1/books HTTP/1.1" 200 1841 "-" "PostmanRuntime/7.36.1"
::1 - - [24/Jan/2024:04:00:03 +0000] "GET /api/v1/books HTTP/1.1" 500 118 "-" "PostmanRuntime/7.36.1"
::1 - - [24/Jan/2024:04:00:17 +0000] "GET /api/v1/books HTTP/1.1" 500 118 "-" "PostmanRuntime/7.36.1"
::1 - - [24/Jan/2024:04:00:39 +0000] "GET /api/v1/categories/5e9047fd49941f52dcb01b35/books HTTP/1.1" 500 118 "-" "PostmanRuntime/7.36.1"
::1 - - [24/Jan/2024:06:12:13 +0000] "GET /api/v1/categories/5e9047fd49941f52dcb01b35/books HTTP/1.1" 200 36 "-" "PostmanRuntime/7.36.1"
::1 - - [24/Jan/2024:06:12:18 +0000] "GET /api/v1/books/65af873cbb1d17465c254e69 HTTP/1.1" 200 1733 "-" "PostmanRuntime/7.36.1"
::1 - - [24/Jan/2024:06:23:45 +0000] "GET /api/v1/categories?page=1 HTTP/1.1" 200 1303 "-" "PostmanRuntime/7.36.1"
::1 - - [24/Jan/2024:06:24:11 +0000] "GET /api/v1/categories?page=1&limit=1 HTTP/1.1" 200 348 "-" "PostmanRuntime/7.36.1"
::1 - - [24/Jan/2024:06:25:51 +0000] "GET /api/v1/categories?page=1&limit=1 HTTP/1.1" 200 348 "-" "PostmanRuntime/7.36.1"
::1 - - [24/Jan/2024:06:25:58 +0000] "GET /api/v1/categories?page=1&limit=2 HTTP/1.1" 200 626 "-" "PostmanRuntime/7.36.1"
::1 - - [24/Jan/2024:06:26:20 +0000] "GET /api/v1/categories?page=1&limit=3 HTTP/1.1" 200 987 "-" "PostmanRuntime/7.36.1"
::1 - - [24/Jan/2024:06:26:25 +0000] "GET /api/v1/categories?page=2&limit=3 HTTP/1.1" 200 987 "-" "PostmanRuntime/7.36.1"
::1 - - [24/Jan/2024:06:27:06 +0000] "GET /api/v1/categories?page=2&limit=3 HTTP/1.1" 200 421 "-" "PostmanRuntime/7.36.1"
::1 - - [24/Jan/2024:06:32:00 +0000] "GET /api/v1/books HTTP/1.1" 200 1908 "-" "PostmanRuntime/7.36.1"
::1 - - [24/Jan/2024:06:33:04 +0000] "GET /api/v1/books HTTP/1.1" 200 9265 "-" "PostmanRuntime/7.36.1"
::1 - - [24/Jan/2024:06:34:06 +0000] "GET /api/v1/books?select=name%20price HTTP/1.1" 500 113 "-" "PostmanRuntime/7.36.1"
::1 - - [24/Jan/2024:06:35:26 +0000] "GET /api/v1/books?select=name%20price%20author HTTP/1.1" 200 2033 "-" "PostmanRuntime/7.36.1"
::1 - - [24/Jan/2024:06:35:37 +0000] "GET /api/v1/books HTTP/1.1" 200 9265 "-" "PostmanRuntime/7.36.1"
::1 - - [24/Jan/2024:06:36:31 +0000] "GET /api/v1/books?select=name%20price%20 HTTP/1.1" 500 113 "-" "PostmanRuntime/7.36.1"
::1 - - [24/Jan/2024:06:36:43 +0000] "GET /api/v1/books?select=name%20price%20 HTTP/1.1" 200 1762 "-" "PostmanRuntime/7.36.1"
::1 - - [24/Jan/2024:06:37:42 +0000] "GET /api/v1/books?select=name%20price%20&sort=price HTTP/1.1" 200 1809 "-" "PostmanRuntime/7.36.1"
::1 - - [24/Jan/2024:06:37:48 +0000] "GET /api/v1/books?select=name%20price%20&sort=-price HTTP/1.1" 200 1616 "-" "PostmanRuntime/7.36.1"
::1 - - [24/Jan/2024:06:39:48 +0000] "GET /api/v1/books?select=name%20price%20&price[$gt]=2000 HTTP/1.1" 200 1762 "-" "PostmanRuntime/7.36.1"
::1 - - [24/Jan/2024:06:39:51 +0000] "GET /api/v1/books?select=name%20price%20&price[$gt]=20000 HTTP/1.1" 200 1616 "-" "PostmanRuntime/7.36.1"
::1 - - [24/Jan/2024:06:39:56 +0000] "GET /api/v1/books?select=name%20price%20&price[$lt]=20000 HTTP/1.1" 200 1832 "-" "PostmanRuntime/7.36.1"
::1 - - [24/Jan/2024:06:43:10 +0000] "GET /api/v1/categories/5e9047fd49941f52dcb01b35/books HTTP/1.1" 200 7177 "-" "PostmanRuntime/7.36.1"
::1 - - [24/Jan/2024:06:43:28 +0000] "GET /api/v1/categories/5e9047fd49941f52dcb01b35/books HTTP/1.1" 200 7258 "-" "PostmanRuntime/7.36.1"
::1 - - [24/Jan/2024:06:44:47 +0000] "GET /api/v1/categories/5e9047fd49941f52dcb01b35/books HTTP/1.1" 200 3544 "-" "PostmanRuntime/7.36.1"
::1 - - [24/Jan/2024:06:45:07 +0000] "GET /api/v1/categories/5e9047fd49941f52dcb01b35/books?page=2 HTTP/1.1" 200 3843 "-" "PostmanRuntime/7.36.1"
::1 - - [24/Jan/2024:07:21:52 +0000] "POST /api/v1/users HTTP/1.1" 404 152 "-" "PostmanRuntime/7.36.1"
::1 - - [24/Jan/2024:07:22:31 +0000] "POST /api/v1/users/register HTTP/1.1" 200 16 "-" "PostmanRuntime/7.36.1"
::1 - - [24/Jan/2024:07:24:13 +0000] "POST /api/v1/users/register HTTP/1.1" 200 101 "-" "PostmanRuntime/7.36.1"
::1 - - [24/Jan/2024:07:27:21 +0000] "POST /api/v1/users/register HTTP/1.1" 200 181 "-" "PostmanRuntime/7.36.1"
::1 - - [24/Jan/2024:07:28:01 +0000] "POST /api/v1/users/register HTTP/1.1" 500 469 "-" "PostmanRuntime/7.36.1"
::1 - - [24/Jan/2024:07:28:06 +0000] "POST /api/v1/users/register HTTP/1.1" 500 188 "-" "PostmanRuntime/7.36.1"
::1 - - [24/Jan/2024:07:28:20 +0000] "POST /api/v1/users/register HTTP/1.1" 200 177 "-" "PostmanRuntime/7.36.1"
::1 - - [24/Jan/2024:07:30:58 +0000] "POST /api/v1/users/register HTTP/1.1" 200 176 "-" "PostmanRuntime/7.36.1"
::1 - - [24/Jan/2024:07:31:02 +0000] "POST /api/v1/users/register HTTP/1.1" 500 457 "-" "PostmanRuntime/7.36.1"
::1 - - [24/Jan/2024:07:35:17 +0000] "POST /api/v1/users/register HTTP/1.1" 200 230 "-" "PostmanRuntime/7.36.1"
::1 - - [24/Jan/2024:07:35:23 +0000] "POST /api/v1/users/register HTTP/1.1" 500 186 "-" "PostmanRuntime/7.36.1"
::1 - - [24/Jan/2024:07:53:18 +0000] "POST /api/v1/users/register HTTP/1.1" 500 186 "-" "PostmanRuntime/7.36.1"
::1 - - [24/Jan/2024:07:53:22 +0000] "POST /api/v1/users/register HTTP/1.1" 200 231 "-" "PostmanRuntime/7.36.1"
::1 - - [24/Jan/2024:07:55:29 +0000] "POST /api/v1/users/register HTTP/1.1" - - "-" "PostmanRuntime/7.36.1"
::1 - - [24/Jan/2024:08:00:57 +0000] "POST /api/v1/users/register HTTP/1.1" 200 232 "-" "PostmanRuntime/7.36.1"
::1 - - [24/Jan/2024:08:01:26 +0000] "POST /api/v1/users/register HTTP/1.1" 200 233 "-" "PostmanRuntime/7.36.1"
::1 - - [24/Jan/2024:08:27:14 +0000] "POST /api/v1/users/register HTTP/1.1" 500 99 "-" "PostmanRuntime/7.36.1"
::1 - - [24/Jan/2024:08:31:29 +0000] "POST /api/v1/users/register HTTP/1.1" 500 190 "-" "PostmanRuntime/7.36.1"
::1 - - [24/Jan/2024:08:31:35 +0000] "POST /api/v1/users/register HTTP/1.1" 200 415 "-" "PostmanRuntime/7.36.1"
::1 - - [24/Jan/2024:08:45:53 +0000] "POST /api/v1/users/login HTTP/1.1" 200 417 "-" "PostmanRuntime/7.36.1"
::1 - - [24/Jan/2024:08:46:06 +0000] "POST /api/v1/users/login HTTP/1.1" 500 117 "-" "PostmanRuntime/7.36.1"
::1 - - [24/Jan/2024:08:46:14 +0000] "POST /api/v1/users/login HTTP/1.1" 200 417 "-" "PostmanRuntime/7.36.1"
::1 - - [24/Jan/2024:08:46:55 +0000] "POST /api/v1/users/login HTTP/1.1" 500 117 "-" "PostmanRuntime/7.36.1"
::1 - - [24/Jan/2024:08:47:13 +0000] "POST /api/v1/users/login HTTP/1.1" 400 143 "-" "PostmanRuntime/7.36.1"
::1 - - [25/Jan/2024:04:03:34 +0000] "POST /api/v1/users/login HTTP/1.1" 400 143 "-" "PostmanRuntime/7.36.1"
::1 - - [25/Jan/2024:04:03:40 +0000] "POST /api/v1/users/login HTTP/1.1" 200 417 "-" "PostmanRuntime/7.36.1"
::1 - - [25/Jan/2024:04:04:01 +0000] "GET /api/v1/books?select=name%20price%20&price[$lt]=20000 HTTP/1.1" 200 1832 "-" "PostmanRuntime/7.36.1"
::1 - - [25/Jan/2024:04:43:41 +0000] "PUT /api/v1/books/65af6e892fe1ecad63451268 HTTP/1.1" 400 67 "-" "PostmanRuntime/7.36.1"
::1 - - [25/Jan/2024:04:43:45 +0000] "GET /api/v1/books?select=name%20price%20&price[$lt]=20000 HTTP/1.1" 200 1832 "-" "PostmanRuntime/7.36.1"
::1 - - [25/Jan/2024:04:43:56 +0000] "PUT /api/v1/books/65b0af1a570e52ee7a1e2271 HTTP/1.1" 200 1150 "-" "PostmanRuntime/7.36.1"
::1 - - [25/Jan/2024:04:43:59 +0000] "GET /api/v1/books?select=name%20price%20&price[$lt]=20000 HTTP/1.1" 200 1786 "-" "PostmanRuntime/7.36.1"
::1 - - [25/Jan/2024:04:44:58 +0000] "PUT /api/v1/books/65b0af1a570e52ee7a1e2271 HTTP/1.1" 200 1150 "-" "PostmanRuntime/7.36.1"
::1 - - [25/Jan/2024:04:45:26 +0000] "PUT /api/v1/books/65b0af1a570e52ee7a1e2271 HTTP/1.1" 401 203 "-" "PostmanRuntime/7.36.1"
::1 - - [25/Jan/2024:04:45:52 +0000] "PUT /api/v1/books/65b0af1a570e52ee7a1e2271 HTTP/1.1" 400 114 "-" "PostmanRuntime/7.36.1"
::1 - - [25/Jan/2024:04:45:59 +0000] "PUT /api/v1/books/65b0af1a570e52ee7a1e2271 HTTP/1.1" 200 1150 "-" "PostmanRuntime/7.36.1"
::1 - - [25/Jan/2024:04:46:11 +0000] "PUT /api/v1/books/65b0af1a570e52ee7a1e2271 HTTP/1.1" 500 104 "-" "PostmanRuntime/7.36.1"
::1 - - [25/Jan/2024:04:46:17 +0000] "PUT /api/v1/books/65b0af1a570e52ee7a1e2271 HTTP/1.1" 200 1150 "-" "PostmanRuntime/7.36.1"
::1 - - [25/Jan/2024:04:49:55 +0000] "PUT /api/v1/categories/65a64413e4b5b648892ad15b HTTP/1.1" 401 203 "-" "PostmanRuntime/7.36.1"
::1 - - [25/Jan/2024:04:50:17 +0000] "PUT /api/v1/categories/65a64413e4b5b648892ad15b HTTP/1.1" 400 72 "-" "PostmanRuntime/7.36.1"
::1 - - [25/Jan/2024:06:03:16 +0000] "POST /api/v1/users/login HTTP/1.1" 200 417 "-" "PostmanRuntime/7.36.1"
::1 - - [25/Jan/2024:06:04:22 +0000] "POST /api/v1/users/register HTTP/1.1" 200 418 "-" "PostmanRuntime/7.36.1"
::1 - - [25/Jan/2024:06:05:41 +0000] "POST /api/v1/categories HTTP/1.1" 200 306 "-" "PostmanRuntime/7.36.1"
::1 - - [25/Jan/2024:06:06:13 +0000] "PUT /api/v1/categories/65a64413e4b5b648892ad15b HTTP/1.1" 400 72 "-" "PostmanRuntime/7.36.1"
::1 - - [25/Jan/2024:06:06:16 +0000] "PUT /api/v1/categories/65a64413e4b5b648892ad15b HTTP/1.1" 401 203 "-" "PostmanRuntime/7.36.1"
::1 - - [25/Jan/2024:06:06:24 +0000] "PUT /api/v1/categories/65a64413e4b5b648892ad15b HTTP/1.1" 400 72 "-" "PostmanRuntime/7.36.1"
::1 - - [25/Jan/2024:06:10:00 +0000] "POST /api/v1/users/register HTTP/1.1" 200 414 "-" "PostmanRuntime/7.36.1"
::1 - - [25/Jan/2024:06:10:26 +0000] "PUT /api/v1/books/65b0af1a570e52ee7a1e2271 HTTP/1.1" 200 1164 "-" "PostmanRuntime/7.36.1"
::1 - - [25/Jan/2024:06:12:52 +0000] "DELETE /api/v1/books/65af8698bb1d17465c254e59 HTTP/1.1" 400 117 "-" "PostmanRuntime/7.36.1"
::1 - - [25/Jan/2024:06:13:04 +0000] "GET /api/v1/books?select=name%20price%20&price[$gt]=20000 HTTP/1.1" 200 1565 "-" "PostmanRuntime/7.36.1"
::1 - - [25/Jan/2024:06:13:20 +0000] "DELETE /api/v1/books/65b0af1a570e52ee7a1e2271 HTTP/1.1" 200 1192 "-" "PostmanRuntime/7.36.1"
::1 - - [25/Jan/2024:06:16:11 +0000] "DELETE /api/v1/books/65b0af1a570e52ee7a1e2271 HTTP/1.1" 400 117 "-" "PostmanRuntime/7.36.1"
::1 - - [25/Jan/2024:06:29:39 +0000] "POST /api/v1/books HTTP/1.1" 500 1268 "-" "PostmanRuntime/7.36.1"
::1 - - [25/Jan/2024:06:30:10 +0000] "POST /api/v1/books HTTP/1.1" 500 48 "-" "PostmanRuntime/7.36.1"
::1 - - [25/Jan/2024:06:31:49 +0000] "POST /api/v1/books HTTP/1.1" 500 48 "-" "PostmanRuntime/7.36.1"
::1 - - [25/Jan/2024:06:32:26 +0000] "POST /api/v1/books HTTP/1.1" 500 48 "-" "PostmanRuntime/7.36.1"
::1 - - [25/Jan/2024:06:33:34 +0000] "POST /api/v1/books HTTP/1.1" 500 48 "-" "PostmanRuntime/7.36.1"
::1 - - [25/Jan/2024:06:34:25 +0000] "POST /api/v1/books HTTP/1.1" 500 48 "-" "PostmanRuntime/7.36.1"
::1 - - [25/Jan/2024:06:34:36 +0000] "POST /api/v1/books HTTP/1.1" 500 48 "-" "PostmanRuntime/7.36.1"
::1 - - [25/Jan/2024:06:34:41 +0000] "GET /api/v1/books?select=name%20price%20&price[$gt]=20000 HTTP/1.1" 200 1616 "-" "PostmanRuntime/7.36.1"
::1 - - [25/Jan/2024:06:34:45 +0000] "POST /api/v1/books HTTP/1.1" 500 48 "-" "PostmanRuntime/7.36.1"
::1 - - [25/Jan/2024:06:35:11 +0000] "POST /api/v1/books HTTP/1.1" 500 48 "-" "PostmanRuntime/7.36.1"
::1 - - [25/Jan/2024:06:35:57 +0000] "POST /api/v1/books HTTP/1.1" 500 48 "-" "PostmanRuntime/7.36.1"
::1 - - [25/Jan/2024:06:36:17 +0000] "POST /api/v1/books HTTP/1.1" 500 48 "-" "PostmanRuntime/7.36.1"
::1 - - [25/Jan/2024:06:36:28 +0000] "POST /api/v1/books HTTP/1.1" 500 48 "-" "PostmanRuntime/7.36.1"
::1 - - [25/Jan/2024:06:37:49 +0000] "POST /api/v1/books HTTP/1.1" 500 48 "-" "PostmanRuntime/7.36.1"
::1 - - [25/Jan/2024:06:39:42 +0000] "POST /api/v1/users/register HTTP/1.1" 200 437 "-" "PostmanRuntime/7.36.1"
::1 - - [25/Jan/2024:06:40:04 +0000] "POST /api/v1/books HTTP/1.1" 500 48 "-" "PostmanRuntime/7.36.1"
::1 - - [25/Jan/2024:06:41:04 +0000] "POST /api/v1/books HTTP/1.1" 500 48 "-" "PostmanRuntime/7.36.1"
::1 - - [25/Jan/2024:06:41:33 +0000] "POST /api/v1/books HTTP/1.1" 500 48 "-" "PostmanRuntime/7.36.1"
::1 - - [25/Jan/2024:06:41:50 +0000] "POST /api/v1/books HTTP/1.1" 500 48 "-" "PostmanRuntime/7.36.1"
::1 - - [25/Jan/2024:06:42:26 +0000] "POST /api/v1/books HTTP/1.1" 403 168 "-" "PostmanRuntime/7.36.1"
::1 - - [25/Jan/2024:07:14:49 +0000] "POST /api/v1/books HTTP/1.1" 403 168 "-" "PostmanRuntime/7.36.1"
::1 - - [25/Jan/2024:07:16:32 +0000] "POST /api/v1/books HTTP/1.1" 403 168 "-" "PostmanRuntime/7.36.1"
::1 - - [25/Jan/2024:07:17:08 +0000] "POST /api/v1/books HTTP/1.1" 403 168 "-" "PostmanRuntime/7.36.1"
::1 - - [25/Jan/2024:07:18:35 +0000] "POST /api/v1/users/login HTTP/1.1" 200 440 "-" "PostmanRuntime/7.36.1"
::1 - - [25/Jan/2024:07:19:13 +0000] "POST /api/v1/books HTTP/1.1" - - "-" "PostmanRuntime/7.36.1"
::1 - - [29/Jan/2024:02:13:17 +0000] "POST /api/v1/users/login HTTP/1.1" 200 440 "-" "PostmanRuntime/7.36.1"
::1 - - [29/Jan/2024:02:14:49 +0000] "POST /api/v1/books HTTP/1.1" - - "-" "PostmanRuntime/7.36.1"
::1 - - [29/Jan/2024:02:16:13 +0000] "GET /api/v1/books?select=name%20price%20&price[$gt]=20000 HTTP/1.1" 200 1616 "-" "PostmanRuntime/7.36.1"
::1 - - [29/Jan/2024:02:16:20 +0000] "GET /api/v1/categories/5e9047fd49941f52dcb01b35/books?page=2 HTTP/1.1" 200 2178 "-" "PostmanRuntime/7.36.1"
::1 - - [29/Jan/2024:02:16:30 +0000] "DELETE /api/v1/books/65b0af1a570e52ee7a1e2271 HTTP/1.1" - - "-" "PostmanRuntime/7.36.1"
::1 - - [29/Jan/2024:02:16:53 +0000] "POST /api/v1/books HTTP/1.1" 200 1717 "-" "PostmanRuntime/7.36.1"
::1 - - [29/Jan/2024:02:17:11 +0000] "GET /api/v1/books?select=name%20price%20&price[$gt]=20000 HTTP/1.1" 200 1616 "-" "PostmanRuntime/7.36.1"
::1 - - [29/Jan/2024:02:17:41 +0000] "GET /api/v1/books?select=name%20price%20&page=4 HTTP/1.1" 200 1006 "-" "PostmanRuntime/7.36.1"
::1 - - [29/Jan/2024:02:17:59 +0000] "GET /api/v1/books?select=name%20price%20 HTTP/1.1" 200 1738 "-" "PostmanRuntime/7.36.1"
::1 - - [29/Jan/2024:02:18:21 +0000] "POST /api/v1/books HTTP/1.1" 200 1716 "-" "PostmanRuntime/7.36.1"
::1 - - [29/Jan/2024:02:18:26 +0000] "GET /api/v1/books?select=name%20price%20 HTTP/1.1" 200 1764 "-" "PostmanRuntime/7.36.1"
::1 - - [29/Jan/2024:02:18:46 +0000] "GET /api/v1/books?select=name%20price&page=4 HTTP/1.1" 200 1281 "-" "PostmanRuntime/7.36.1"
::1 - - [29/Jan/2024:02:19:40 +0000] "POST /api/v1/books HTTP/1.1" 200 1757 "-" "PostmanRuntime/7.36.1"
::1 - - [29/Jan/2024:02:19:46 +0000] "GET /api/v1/books?select=name%20price&page=4 HTTP/1.1" 200 1541 "-" "PostmanRuntime/7.36.1"
::1 - - [29/Jan/2024:02:22:40 +0000] "GET /api/v1/books?select=name%20price&page=4 HTTP/1.1" 200 1541 "-" "PostmanRuntime/7.36.1"
::1 - - [29/Jan/2024:02:24:30 +0000] "GET /api/v1/books?page=4 HTTP/1.1" 200 8006 "-" "PostmanRuntime/7.36.1"
::1 - - [29/Jan/2024:02:27:07 +0000] "PUT /api/v1/books/65b70b3b9182858aad25cd0c HTTP/1.1" 500 112 "-" "PostmanRuntime/7.36.1"
::1 - - [29/Jan/2024:02:27:38 +0000] "PUT /api/v1/books/65b70b3b9182858aad25cd0c HTTP/1.1" 200 1799 "-" "PostmanRuntime/7.36.1"
::1 - - [29/Jan/2024:02:27:42 +0000] "GET /api/v1/books?page=4 HTTP/1.1" 200 8048 "-" "PostmanRuntime/7.36.1"
::1 - - [29/Jan/2024:02:48:07 +0000] "POST /api/v1/users/register HTTP/1.1" 500 267 "-" "PostmanRuntime/7.36.1"
::1 - - [29/Jan/2024:02:49:56 +0000] "POST /api/v1/users/register HTTP/1.1" 200 432 "-" "PostmanRuntime/7.36.1"
::1 - - [29/Jan/2024:02:54:38 +0000] "GET /api/v1/users?page=1 HTTP/1.1" 200 1459 "-" "PostmanRuntime/7.36.1"
::1 - - [29/Jan/2024:02:54:51 +0000] "GET /api/v1/users?page=2 HTTP/1.1" 200 112 "-" "PostmanRuntime/7.36.1"
::1 - - [29/Jan/2024:02:54:56 +0000] "GET /api/v1/users?page=1 HTTP/1.1" 200 1459 "-" "PostmanRuntime/7.36.1"
::1 - - [29/Jan/2024:03:06:02 +0000] "GET /api/v1/users?page=1 HTTP/1.1" 200 1459 "-" "PostmanRuntime/7.36.1"
::1 - - [29/Jan/2024:03:06:29 +0000] "GET /api/v1/users/65b0bdb54fa95b454e99858f HTTP/1.1" 500 191 "-" "PostmanRuntime/7.36.1"
::1 - - [29/Jan/2024:03:07:41 +0000] "GET /api/v1/users/65b0bdb54fa95b454e99858f HTTP/1.1" - - "-" "PostmanRuntime/7.36.1"
::1 - - [29/Jan/2024:03:07:44 +0000] "GET /api/v1/users/65b0bdb54fa95b454e99858f HTTP/1.1" 500 191 "-" "PostmanRuntime/7.36.1"
::1 - - [29/Jan/2024:03:08:01 +0000] "GET /api/v1/users/65b0bdb54fa95b454e99858f HTTP/1.1" 200 156 "-" "PostmanRuntime/7.36.1"
::1 - - [29/Jan/2024:03:08:43 +0000] "PUT /api/v1/categories/65b0bdb54fa95b454e99858f HTTP/1.1" 400 72 "-" "PostmanRuntime/7.36.1"
::1 - - [29/Jan/2024:03:08:51 +0000] "PUT /api/v1/categories/65b0bdb54fa95b454e99858f HTTP/1.1" 400 72 "-" "PostmanRuntime/7.36.1"
::1 - - [29/Jan/2024:03:09:14 +0000] "PUT /api/v1/users/65b0bdb54fa95b454e99858f HTTP/1.1" 200 157 "-" "PostmanRuntime/7.36.1"
::1 - - [29/Jan/2024:03:09:18 +0000] "GET /api/v1/users/65b0bdb54fa95b454e99858f HTTP/1.1" 200 157 "-" "PostmanRuntime/7.36.1"
::1 - - [29/Jan/2024:03:10:56 +0000] "DELETE /api/v1/users/65b0bdb54fa95b454e99858f HTTP/1.1" 200 157 "-" "PostmanRuntime/7.36.1"
::1 - - [29/Jan/2024:03:11:00 +0000] "GET /api/v1/users/65b0bdb54fa95b454e99858f HTTP/1.1" 403 132 "-" "PostmanRuntime/7.36.1"
::1 - - [29/Jan/2024:03:15:43 +0000] "GET /api/v1/users?page=1 HTTP/1.1" 200 1324 "-" "PostmanRuntime/7.36.1"
::1 - - [29/Jan/2024:03:32:25 +0000] "GET /api/v1/users?page=1 HTTP/1.1" 200 1324 "-" "PostmanRuntime/7.36.1"
::1 - - [31/Jan/2024:10:40:16 +0000] "GET /api/v1/users/65b0bdb54fa95b454e99858f HTTP/1.1" 403 132 "-" "PostmanRuntime/7.36.1"
::1 - - [31/Jan/2024:10:40:21 +0000] "GET /api/v1/users?page=1 HTTP/1.1" 200 514 "-" "PostmanRuntime/7.36.1"
::1 - - [31/Jan/2024:10:40:30 +0000] "GET /api/v1/users/65b71e9a3f322906550f40ce HTTP/1.1" 200 164 "-" "PostmanRuntime/7.36.1"
::1 - - [31/Jan/2024:10:41:07 +0000] "POST /api/v1/users/login HTTP/1.1" 400 143 "-" "PostmanRuntime/7.36.1"
::1 - - [31/Jan/2024:10:41:31 +0000] "POST /api/v1/users/login HTTP/1.1" 400 143 "-" "PostmanRuntime/7.36.1"
::1 - - [31/Jan/2024:10:41:35 +0000] "POST /api/v1/users/login HTTP/1.1" 400 143 "-" "PostmanRuntime/7.36.1"
::1 - - [31/Jan/2024:10:41:51 +0000] "POST /api/v1/users/login HTTP/1.1" 200 444 "-" "PostmanRuntime/7.36.1"
::1 - - [31/Jan/2024:10:41:57 +0000] "GET /api/v1/users/65b71e9a3f322906550f40ce HTTP/1.1" 200 164 "-" "PostmanRuntime/7.36.1"
::1 - - [31/Jan/2024:10:44:18 +0000] "GET /api/v1/users/65b71e9a3f322906550f40ce HTTP/1.1" 200 164 "-" "PostmanRuntime/7.36.1"
::1 - - [31/Jan/2024:10:44:21 +0000] "GET /api/v1/users/65b71e9a3f322906550f40ce HTTP/1.1" 200 164 "-" "PostmanRuntime/7.36.1"
::1 - - [31/Jan/2024:10:44:43 +0000] "GET /api/v1/books/65af873cbb1d17465c254e69 HTTP/1.1" 400 102 "-" "PostmanRuntime/7.36.1"
::1 - - [31/Jan/2024:10:44:54 +0000] "GET /api/v1/books/65b71e9a3f322906550f40ce HTTP/1.1" 400 102 "-" "PostmanRuntime/7.36.1"
::1 - - [31/Jan/2024:10:44:57 +0000] "GET /api/v1/books/65b71e9a3f322906550f40ce HTTP/1.1" 400 102 "-" "PostmanRuntime/7.36.1"
::1 - - [31/Jan/2024:10:45:02 +0000] "GET /api/v1/users/65b71e9a3f322906550f40ce HTTP/1.1" 200 164 "-" "PostmanRuntime/7.36.1"
::1 - - [31/Jan/2024:10:45:48 +0000] "GET /api/v1/users/65b71e9a3f322906550f40ce HTTP/1.1" 200 164 "-" "PostmanRuntime/7.36.1"
::1 - - [31/Jan/2024:10:46:05 +0000] "GET /api/v1/users/65b71e9a3f322906550f40ce/books HTTP/1.1" 200 9666 "-" "PostmanRuntime/7.36.1"
::1 - - [31/Jan/2024:10:46:25 +0000] "GET /api/v1/users?page=1 HTTP/1.1" - - "-" "PostmanRuntime/7.36.1"
::1 - - [31/Jan/2024:10:47:48 +0000] "GET /api/v1/users/65b71e9a3f322906550f40ce/books HTTP/1.1" 401 203 "-" "PostmanRuntime/7.36.1"
::1 - - [31/Jan/2024:10:48:13 +0000] "POST /api/v1/users/login HTTP/1.1" 200 439 "-" "PostmanRuntime/7.36.1"
::1 - - [31/Jan/2024:10:48:16 +0000] "GET /api/v1/users/65b71e9a3f322906550f40ce/books HTTP/1.1" 401 203 "-" "PostmanRuntime/7.36.1"
::1 - - [31/Jan/2024:10:48:17 +0000] "GET /api/v1/users/65b71e9a3f322906550f40ce/books HTTP/1.1" 401 203 "-" "PostmanRuntime/7.36.1"
::1 - - [31/Jan/2024:10:48:21 +0000] "POST /api/v1/users/login HTTP/1.1" 200 439 "-" "PostmanRuntime/7.36.1"
::1 - - [31/Jan/2024:10:48:50 +0000] "GET /api/v1/users/65b71e9a3f322906550f40ce/books HTTP/1.1" 401 203 "-" "PostmanRuntime/7.36.1"
::1 - - [31/Jan/2024:10:48:54 +0000] "GET /api/v1/users/65b71e9a3f322906550f40ce/books HTTP/1.1" 401 203 "-" "PostmanRuntime/7.36.1"
::1 - - [31/Jan/2024:10:50:10 +0000] "GET /api/v1/users/65b0bdb54fa95b454e99858f HTTP/1.1" 403 132 "-" "PostmanRuntime/7.36.1"
::1 - - [31/Jan/2024:10:50:23 +0000] "GET /api/v1/users/65b71e9a3f322906550f40cd/books HTTP/1.1" 200 117 "-" "PostmanRuntime/7.36.1"
::1 - - [31/Jan/2024:10:50:37 +0000] "GET /api/v1/users/65b71e9a3f322906550f40cf/books HTTP/1.1" 200 117 "-" "PostmanRuntime/7.36.1"
::1 - - [31/Jan/2024:10:50:46 +0000] "GET /api/v1/users/65b71e9a3f322906550f40ce/books HTTP/1.1" 200 117 "-" "PostmanRuntime/7.36.1"
::1 - - [31/Jan/2024:10:55:14 +0000] "POST /api/v1/users/login HTTP/1.1" 200 444 "-" "PostmanRuntime/7.36.1"
::1 - - [31/Jan/2024:10:55:16 +0000] "GET /api/v1/users/65b71e9a3f322906550f40ce/books HTTP/1.1" 200 117 "-" "PostmanRuntime/7.36.1"
::1 - - [31/Jan/2024:10:56:26 +0000] "GET /api/v1/users/65b71e9a3f322906550f40ce/books HTTP/1.1" 200 117 "-" "PostmanRuntime/7.36.1"
::1 - - [01/Feb/2024:02:12:06 +0000] "POST /api/v1/users/login HTTP/1.1" 200 444 "-" "PostmanRuntime/7.36.1"
::1 - - [01/Feb/2024:02:12:25 +0000] "GET /api/v1/books?page=4 HTTP/1.1" 404 151 "-" "PostmanRuntime/7.36.1"
::1 - - [01/Feb/2024:02:12:27 +0000] "GET /api/v1/books?page=4 HTTP/1.1" 404 151 "-" "PostmanRuntime/7.36.1"
::1 - - [01/Feb/2024:02:12:37 +0000] "PUT /api/v1/books/65b70b3b9182858aad25cd0c HTTP/1.1" 500 113 "-" "PostmanRuntime/7.36.1"
::1 - - [01/Feb/2024:02:13:19 +0000] "PUT /api/v1/books/65b70b3b9182858aad25cd0c HTTP/1.1" 500 113 "-" "PostmanRuntime/7.36.1"
::1 - - [01/Feb/2024:02:13:31 +0000] "GET /api/v1/books?page=1 HTTP/1.1" 404 151 "-" "PostmanRuntime/7.36.1"
::1 - - [01/Feb/2024:02:14:00 +0000] "GET /api/v1/users/65b71e9a3f322906550f40ce/books HTTP/1.1" 200 117 "-" "PostmanRuntime/7.36.1"
::1 - - [01/Feb/2024:02:14:08 +0000] "GET /api/v1/users?page=1 HTTP/1.1" 200 514 "-" "PostmanRuntime/7.36.1"
::1 - - [01/Feb/2024:02:14:17 +0000] "GET /api/v1/users/65b71e9a3f322906550f40cd/books HTTP/1.1" 200 117 "-" "PostmanRuntime/7.36.1"
::1 - - [01/Feb/2024:02:16:30 +0000] "GET /api/v1/users/65b71e9a3f322906550f40cd/books HTTP/1.1" 200 117 "-" "PostmanRuntime/7.36.1"
::1 - - [01/Feb/2024:02:16:33 +0000] "PUT /api/v1/books/65b70b3b9182858aad25cd0c HTTP/1.1" 400 67 "-" "PostmanRuntime/7.36.1"
::1 - - [01/Feb/2024:02:16:48 +0000] "PUT /api/v1/books/65b71e973f322906550f408b HTTP/1.1" 200 1190 "-" "PostmanRuntime/7.36.1"
::1 - - [01/Feb/2024:02:23:13 +0000] "POST /api/v1/books HTTP/1.1" 200 1757 "-" "PostmanRuntime/7.36.1"
::1 - - [01/Feb/2024:02:23:26 +0000] "GET /api/v1/users/65b71e9a3f322906550f40ce/books HTTP/1.1" 200 1946 "-" "PostmanRuntime/7.36.1"
::1 - - [01/Feb/2024:02:23:33 +0000] "PUT /api/v1/books/65b71e9a3f322906550f40ce HTTP/1.1" 400 67 "-" "PostmanRuntime/7.36.1"
::1 - - [01/Feb/2024:02:23:38 +0000] "PUT /api/v1/books/65b71e973f322906550f408b HTTP/1.1" 400 67 "-" "PostmanRuntime/7.36.1"
::1 - - [01/Feb/2024:02:23:46 +0000] "GET /api/v1/books?page=1 HTTP/1.1" 404 151 "-" "PostmanRuntime/7.36.1"
::1 - - [01/Feb/2024:02:24:04 +0000] "PUT /api/v1/books/65bb009133b8c37ecf1d573a HTTP/1.1" 200 1799 "-" "PostmanRuntime/7.36.1"
::1 - - [01/Feb/2024:02:24:12 +0000] "POST /api/v1/users/login HTTP/1.1" 400 143 "-" "PostmanRuntime/7.36.1"
::1 - - [01/Feb/2024:02:24:33 +0000] "POST /api/v1/users/login HTTP/1.1" 200 439 "-" "PostmanRuntime/7.36.1"
::1 - - [01/Feb/2024:02:24:44 +0000] "PUT /api/v1/books/65bb009133b8c37ecf1d573a HTTP/1.1" 403 159 "-" "PostmanRuntime/7.36.1"
::1 - - [01/Feb/2024:02:25:01 +0000] "DELETE /api/v1/books/65b0af1a570e52ee7a1e2271 HTTP/1.1" 400 117 "-" "PostmanRuntime/7.36.1"
::1 - - [01/Feb/2024:02:25:12 +0000] "DELETE /api/v1/books/65b0af1a570e52ee7a1e2271 HTTP/1.1" 400 117 "-" "PostmanRuntime/7.36.1"
::1 - - [01/Feb/2024:02:25:17 +0000] "GET /api/v1/users/65b71e9a3f322906550f40ce/books HTTP/1.1" 200 117 "-" "PostmanRuntime/7.36.1"
::1 - - [01/Feb/2024:02:25:22 +0000] "DELETE /api/v1/books/65b0af1a570e52ee7a1e2271 HTTP/1.1" 400 117 "-" "PostmanRuntime/7.36.1"
::1 - - [01/Feb/2024:02:26:03 +0000] "DELETE /api/v1/books/65bb009133b8c37ecf1d573a HTTP/1.1" 403 159 "-" "PostmanRuntime/7.36.1"
::1 - - [01/Feb/2024:02:30:19 +0000] "GET /api/v1/users?page=1 HTTP/1.1" 200 514 "-" "PostmanRuntime/7.36.1"
::1 - - [01/Feb/2024:03:35:53 +0000] "GET /api/v1/users/forgot-password HTTP/1.1" 500 288 "-" "PostmanRuntime/7.36.1"
::1 - - [01/Feb/2024:03:36:13 +0000] "GET /api/v1/users/forgot-password HTTP/1.1" 500 288 "-" "PostmanRuntime/7.36.1"
::1 - - [01/Feb/2024:03:37:09 +0000] "GET /api/v1/users/forgot-password HTTP/1.1" 500 288 "-" "PostmanRuntime/7.36.1"
::1 - - [01/Feb/2024:03:37:37 +0000] "POST /api/v1/users/forgot-password HTTP/1.1" 403 147 "-" "PostmanRuntime/7.36.1"
::1 - - [01/Feb/2024:04:10:37 +0000] "POST /api/v1/users/forgot-password HTTP/1.1" 403 147 "-" "PostmanRuntime/7.36.1"
::1 - - [01/Feb/2024:04:10:47 +0000] "POST /api/v1/users/forgot-password HTTP/1.1" 403 147 "-" "PostmanRuntime/7.36.1"
::1 - - [01/Feb/2024:04:11:03 +0000] "POST /api/v1/users/forgot-password HTTP/1.1" 500 111 "-" "PostmanRuntime/7.36.1"
::1 - - [01/Feb/2024:04:11:37 +0000] "POST /api/v1/users/forgot-password HTTP/1.1" 200 26 "-" "PostmanRuntime/7.36.1"
::1 - - [01/Feb/2024:04:12:27 +0000] "POST /api/v1/users/forgot-password HTTP/1.1" 200 66 "-" "PostmanRuntime/7.36.1"
::1 - - [01/Feb/2024:04:13:31 +0000] "POST /api/v1/users/forgot-password HTTP/1.1" 500 93 "-" "PostmanRuntime/7.36.1"
::1 - - [01/Feb/2024:04:13:42 +0000] "POST /api/v1/users/forgot-password HTTP/1.1" 200 66 "-" "PostmanRuntime/7.36.1"
::1 - - [01/Feb/2024:04:15:18 +0000] "POST /api/v1/users/forgot-password HTTP/1.1" 200 66 "-" "PostmanRuntime/7.36.1"
::1 - - [01/Feb/2024:04:17:05 +0000] "POST /api/v1/users/forgot-password HTTP/1.1" 200 66 "-" "PostmanRuntime/7.36.1"
::1 - - [01/Feb/2024:04:17:55 +0000] "POST /api/v1/users/forgot-password HTTP/1.1" 200 66 "-" "PostmanRuntime/7.36.1"
::1 - - [01/Feb/2024:04:18:20 +0000] "POST /api/v1/users/forgot-password HTTP/1.1" 200 66 "-" "PostmanRuntime/7.36.1"
::1 - - [01/Feb/2024:04:18:35 +0000] "POST /api/v1/users/forgot-password HTTP/1.1" 200 66 "-" "PostmanRuntime/7.36.1"
::1 - - [01/Feb/2024:04:18:38 +0000] "POST /api/v1/users/forgot-password HTTP/1.1" 200 66 "-" "PostmanRuntime/7.36.1"
::1 - - [13/Feb/2024:08:15:01 +0000] "POST /api/v1/users/forgot-password HTTP/1.1" 500 118 "-" "PostmanRuntime/7.36.1"
::1 - - [13/Feb/2024:08:16:19 +0000] "POST /api/v1/users/forgot-password HTTP/1.1" 500 118 "-" "PostmanRuntime/7.36.1"
::1 - - [13/Feb/2024:08:18:19 +0000] "POST /api/v1/users/forgot-password HTTP/1.1" 200 72 "-" "PostmanRuntime/7.36.1"
::1 - - [13/Feb/2024:08:20:50 +0000] "POST /api/v1/users/forgot-password HTTP/1.1" 200 72 "-" "PostmanRuntime/7.36.1"
::1 - - [13/Feb/2024:08:58:26 +0000] "POST /api/v1/users/forgot-password HTTP/1.1" 200 406 "-" "PostmanRuntime/7.36.1"
::1 - - [13/Feb/2024:09:01:23 +0000] "POST /api/v1/users/forgot-password HTTP/1.1" 200 406 "-" "PostmanRuntime/7.36.1"
::1 - - [13/Feb/2024:09:19:09 +0000] "POST /api/v1/users/reset-password HTTP/1.1" 500 119 "-" "PostmanRuntime/7.36.1"
::1 - - [13/Feb/2024:09:20:01 +0000] "POST /api/v1/users/reset-password HTTP/1.1" 500 119 "-" "PostmanRuntime/7.36.1"
::1 - - [13/Feb/2024:09:20:55 +0000] "POST /api/v1/users/reset-password HTTP/1.1" 400 115 "-" "PostmanRuntime/7.36.1"
::1 - - [13/Feb/2024:09:21:07 +0000] "POST /api/v1/users/forgot-password HTTP/1.1" 200 72 "-" "PostmanRuntime/7.36.1"
::1 - - [13/Feb/2024:09:21:13 +0000] "POST /api/v1/users/reset-password HTTP/1.1" 500 148 "-" "PostmanRuntime/7.36.1"
::1 - - [13/Feb/2024:09:21:58 +0000] "POST /api/v1/users/reset-password HTTP/1.1" 400 115 "-" "PostmanRuntime/7.36.1"
::1 - - [13/Feb/2024:09:22:45 +0000] "POST /api/v1/users/reset-password HTTP/1.1" 400 115 "-" "PostmanRuntime/7.36.1"
::1 - - [13/Feb/2024:09:23:01 +0000] "POST /api/v1/users/forgot-password HTTP/1.1" 200 72 "-" "PostmanRuntime/7.36.1"
::1 - - [13/Feb/2024:09:23:07 +0000] "POST /api/v1/users/reset-password HTTP/1.1" 500 148 "-" "PostmanRuntime/7.36.1"
::1 - - [13/Feb/2024:09:23:16 +0000] "POST /api/v1/users/reset-password HTTP/1.1" 400 115 "-" "PostmanRuntime/7.36.1"
::1 - - [13/Feb/2024:09:23:23 +0000] "POST /api/v1/users/forgot-password HTTP/1.1" 200 72 "-" "PostmanRuntime/7.36.1"
::1 - - [13/Feb/2024:09:23:34 +0000] "POST /api/v1/users/reset-password HTTP/1.1" 200 439 "-" "PostmanRuntime/7.36.1"
::1 - - [13/Feb/2024:09:23:59 +0000] "POST /api/v1/users/login HTTP/1.1" 400 143 "-" "PostmanRuntime/7.36.1"
::1 - - [13/Feb/2024:09:24:03 +0000] "POST /api/v1/users/login HTTP/1.1" 200 439 "-" "PostmanRuntime/7.36.1"
::1 - - [20/Mar/2024:06:31:39 +0000] "GET /api/v1/categories?page=1 HTTP/1.1" 200 1422 "-" "PostmanRuntime/7.37.0"
